<?xml version="1.0" encoding="UTF-8"?>
<!-- Generated by org.testng.reporters.JUnitReportReporter -->
<testsuite hostname="RamaGanesh" name="webDriver_Commands.Browser_Commands" tests="1" failures="0" timestamp="28 Jun 2019 13:17:45 GMT" time="0.090" errors="0">
  <testcase name="f" time="0.090" classname="webDriver_Commands.Browser_Commands"/>
</testsuite> <!-- webDriver_Commands.Browser_Commands -->
