<?xml version="1.0" encoding="UTF-8"?>
<!-- Generated by org.testng.reporters.JUnitReportReporter -->
<testsuite skipped="0" hostname="RamaGanesh" name="automation_Scenarios.validations" tests="1" failures="0" timestamp="15 Jun 2019 08:50:54 GMT" time="0.787" errors="0">
  <testcase name="pageTitle" time="0.787" classname="automation_Scenarios.validations"/>
</testsuite> <!-- automation_Scenarios.validations -->
