<?xml version="1.0" encoding="UTF-8"?>
<!-- Generated by org.testng.reporters.JUnitReportReporter -->
<testsuite skipped="0" hostname="RamaGanesh" name="automation_Scenarios.screenShot" tests="1" failures="0" timestamp="17 Jun 2019 03:25:37 GMT" time="0.461" errors="0">
  <testcase name="f" time="0.461" classname="automation_Scenarios.screenShot"/>
</testsuite> <!-- automation_Scenarios.screenShot -->
