<?xml version="1.0" encoding="UTF-8"?>
<!-- Generated by org.testng.reporters.JUnitReportReporter -->
<testsuite skipped="0" hostname="RamaGanesh" name="sample_package.LaunchBrowser" tests="1" failures="0" timestamp="14 Jun 2019 12:35:00 GMT" time="2.627" errors="0">
  <testcase name="LaunchBrowser" time="2.627" classname="sample_package.LaunchBrowser"/>
</testsuite> <!-- sample_package.LaunchBrowser -->
